<?xml version="1.0" encoding="UTF-8"?>
<!-- Generated by org.testng.reporters.JUnitXMLReporter -->
<testsuite hostname="Tuhin" ignored="0" name="To Compare BAC and C  " tests="1" failures="1" timestamp="24 Jul 2017 00:24:40 GMT" time="30.386" errors="0">
  <testcase name="compareBACPriceWithCiti" time="30.383" classname="testcases.CompareBACPriceWithCiti">
    <failure type="java.lang.RuntimeException" message="Test Case Failed">
      <![CDATA[java.lang.RuntimeException: Test Case Failed
	at testcases.CompareBACPriceWithCiti.compareBACPriceWithCiti(CompareBACPriceWithCiti.java:63)
... Removed 25 stack frames]]>
    </failure>
  </testcase> <!-- compareBACPriceWithCiti -->
</testsuite> <!-- To Compare BAC and C   -->
